#
# A fatal error has been detected by the Java Runtime Environment:
#
#  SIGSEGV (0xb) at pc=0x000000012bcfd447, pid=85452, tid=55559
#
# JRE version: Java(TM) SE Runtime Environment (10.0.1+10) (build 10.0.1+10)
# Java VM: Java HotSpot(TM) 64-Bit Server VM (10.0.1+10, mixed mode, tiered, compressed oops, g1 gc, bsd-amd64)
# Problematic frame:
# C  [libawt_lwawt.dylib+0x1c447]  OGLSD_SetScratchSurface+0x1f
#
# No core dump will be written. Core dumps have been disabled. To enable core dumping, try "ulimit -c unlimited" before starting Java again
#
# If you would like to submit a bug report, please visit:
#   http://bugreport.java.com/bugreport/crash.jsp
# The crash happened outside the Java Virtual Machine in native code.
# See problematic frame for where to report the bug.
#

---------------  S U M M A R Y ------------

Command Line: -Dfile.encoding=UTF-8 thing_explainer_writer.Thing_Explainer

Host: MacBookAir7,2 x86_64 1800 MHz, 4 cores, 8G, Darwin 18.5.0
Time: Thu May 23 12:29:43 2019 EDT elapsed time: 552 seconds (0d 0h 9m 12s)

---------------  T H R E A D  ---------------

Current thread (0x00007fe46b225000):  JavaThread "Java2D Queue Flusher" daemon [_thread_in_native, id=55559, stack(0x0000700009636000,0x0000700009736000)]

Stack: [0x0000700009636000,0x0000700009736000],  sp=0x0000700009735800,  free space=1022k
Native frames: (J=compiled Java code, A=aot compiled Java code, j=interpreted, Vv=VM code, C=native code)
C  [libawt_lwawt.dylib+0x1c447]  OGLSD_SetScratchSurface+0x1f
C  [libawt_lwawt.dylib+0x41d83]  Java_sun_java2d_opengl_OGLRenderQueue_flushBuffer+0x643
j  sun.java2d.opengl.OGLRenderQueue.flushBuffer(JI)V+0 java.desktop@10.0.1
j  sun.java2d.opengl.OGLRenderQueue.flushBuffer()V+21 java.desktop@10.0.1
j  sun.java2d.opengl.OGLRenderQueue.access$200(Lsun/java2d/opengl/OGLRenderQueue;)V+1 java.desktop@10.0.1
j  sun.java2d.opengl.OGLRenderQueue$QueueFlusher.run()V+81 java.desktop@10.0.1
j  java.lang.Thread.run()V+11 java.base@10.0.1
v  ~StubRoutines::call_stub
V  [libjvm.dylib+0x3d8c3e]  _ZN9JavaCalls11call_helperEP9JavaValueRK12methodHandleP17JavaCallArgumentsP6Thread+0x216
V  [libjvm.dylib+0x3d8252]  _ZN9JavaCalls12call_virtualEP9JavaValueP5KlassP6SymbolS5_P17JavaCallArgumentsP6Thread+0x12a
V  [libjvm.dylib+0x3d8312]  _ZN9JavaCalls12call_virtualEP9JavaValue6HandleP5KlassP6SymbolS6_P6Thread+0x6a
V  [libjvm.dylib+0x4540a8]  _ZL12thread_entryP10JavaThreadP6Thread+0x77
V  [libjvm.dylib+0x74679c]  _ZN10JavaThread17thread_main_innerEv+0x86
V  [libjvm.dylib+0x633a5f]  _ZL19thread_native_entryP6Thread+0x12b
C  [libsystem_pthread.dylib+0x32eb]  _pthread_body+0x7e
C  [libsystem_pthread.dylib+0x6249]  _pthread_start+0x42
C  [libsystem_pthread.dylib+0x240d]  thread_start+0xd
C  0x0000000000000000

Java frames: (J=compiled Java code, j=interpreted, Vv=VM code)
j  sun.java2d.opengl.OGLRenderQueue.flushBuffer(JI)V+0 java.desktop@10.0.1
j  sun.java2d.opengl.OGLRenderQueue.flushBuffer()V+21 java.desktop@10.0.1
j  sun.java2d.opengl.OGLRenderQueue.access$200(Lsun/java2d/opengl/OGLRenderQueue;)V+1 java.desktop@10.0.1
j  sun.java2d.opengl.OGLRenderQueue$QueueFlusher.run()V+81 java.desktop@10.0.1
j  java.lang.Thread.run()V+11 java.base@10.0.1
v  ~StubRoutines::call_stub

siginfo: si_signo: 11 (SIGSEGV), si_code: 1 (SEGV_MAPERR), si_addr: 0x0000000000000002

Register to memory mapping:

RAX=0x000000012bd22d5b: Java_sun_java2d_opengl_OGLRenderQueue_flushBuffer+0x61b in /Library/Java/JavaVirtualMachines/jdk-10.0.1.jdk/Contents/Home/lib/libawt_lwawt.dylib at 0x000000012bce1000
RBX=0x00007fe46a1ae810 is an unknown value
RCX=0x0000000000000047 is an unknown value
RDX=0x00007fe46a1ae800 is an unknown value
RSP=0x0000700009735800 is pointing into the stack for thread: 0x00007fe46b225000
RBP=0x0000700009735830 is pointing into the stack for thread: 0x00007fe46b225000
RSI=0x00007fe4697b8760 is an unknown value
RDI=0x00007fe46b225270 is an unknown value
R8 =0x0000000000007471 is an unknown value
R9 =0xffffffff00000000 is an unknown value
R10=0x00000001163ddb21 is at code_begin+897 in an Interpreter codelet
method entry point (kind = native)  [0x00000001163dd7a0, 0x00000001163de1e0]  2624 bytes
R11=0x0000000000000102 is an unknown value
R12=0x00007fe46a1ae808 is an unknown value
R13=0x0000000000000002 is an unknown value
R14=0x0000700009735968 is pointing into the stack for thread: 0x00007fe46b225000
R15=0x00007fe46b225270 is an unknown value


Registers:
RAX=0x000000012bd22d5b, RBX=0x00007fe46a1ae810, RCX=0x0000000000000047, RDX=0x00007fe46a1ae800
RSP=0x0000700009735800, RBP=0x0000700009735830, RSI=0x00007fe4697b8760, RDI=0x00007fe46b225270
R8 =0x0000000000007471, R9 =0xffffffff00000000, R10=0x00000001163ddb21, R11=0x0000000000000102
R12=0x00007fe46a1ae808, R13=0x0000000000000002, R14=0x0000700009735968, R15=0x00007fe46b225270
RIP=0x000000012bcfd447, EFLAGS=0x0000000000010202, ERR=0x0000000000000004
  TRAPNO=0x000000000000000e

Top of Stack: (sp=0x0000700009735800)
0x0000700009735800:   000000012bd22d5b 00007fe46a1ae810
0x0000700009735810:   00007fe46a1ae808 00007fe46a1ae820
0x0000700009735820:   0000700009735968 00007fe4697b8760
0x0000700009735830:   00007000097358b0 000000012bd22d83
0x0000700009735840:   0000700009735860 0000000108804981
0x0000700009735850:   0000000209735870 0000000000000000
0x0000700009735860:   0000700009735880 0000000108804917
0x0000700009735870:   0000000000000000 0000000000000000
0x0000700009735880:   00007fe46b225270 000000012bb900e8
0x0000700009735890:   0000000000000000 000000012bb900e8
0x00007000097358a0:   0000700009735968 00007fe46b225000
0x00007000097358b0:   0000700009735930 00000001163ddb50
0x00007000097358c0:   0000000000000000 0000000000000000
0x00007000097358d0:   00007000097358f0 0000000108804867
0x00007000097358e0:   00007000097358f0 00007000097358e8
0x00007000097358f0:   0000000000000000 0000700009735968
0x0000700009735900:   000000012bb913a8 0000000000000000
0x0000700009735910:   00000007471532d8 000000012bb900e8
0x0000700009735920:   0000000000000000 0000700009735950
0x0000700009735930:   00007000097359b8 00000001163d7f43
0x0000700009735940:   0000000000000000 00000001163daad8
0x0000700009735950:   0000000000000020 00007fe46a1ae800
0x0000700009735960:   0000000000000000 000000074707ecf0
0x0000700009735970:   0000700009735970 000000012bb9019d
0x0000700009735980:   00007000097359d0 000000012bb913a8
0x0000700009735990:   0000000000000000 00000007471532d8
0x00007000097359a0:   000000012bb901d8 0000700009735950
0x00007000097359b0:   00007000097359d0 0000700009735a20
0x00007000097359c0:   00000001163d7f43 0000000000000020
0x00007000097359d0:   000000074707ecf0 00007000097359d8
0x00007000097359e0:   000000012bb903c1 0000700009735a30
0x00007000097359f0:   000000012bb913a8 0000000000000000 

Instructions: (pc=0x000000012bcfd447)
0x000000012bcfd427:   c3 55 48 89 e5 41 57 41 56 41 55 41 54 53 50 49
0x000000012bcfd437:   89 ff 48 85 f6 74 57 4c 8b 6e 10 4d 85 ed 74 57
0x000000012bcfd447:   49 8b 5d 00 31 c0 e8 08 f4 02 00 49 89 c6 48 8b
0x000000012bcfd457:   3b 48 8b 35 f1 77 06 00 ff 15 c3 b0 05 00 48 85 


---------------  P R O C E S S  ---------------

Threads class SMR info:
_java_thread_list=0x00007fe46bc2e700, length=15, elements={
0x00007fe46a805000, 0x00007fe469881800, 0x00007fe469882800, 0x00007fe46a80b800,
0x00007fe469886800, 0x00007fe469887000, 0x00007fe46a044000, 0x00007fe46988a000,
0x00007fe46a004000, 0x00007fe46b200800, 0x00007fe46b1fd800, 0x00007fe46b225000,
0x00007fe46b26c000, 0x00007fe46acf1800, 0x00007fe469d53800
}

Java Threads: ( => current thread )
  0x00007fe46a805000 JavaThread "Reference Handler" daemon [_thread_blocked, id=13827, stack(0x0000700008886000,0x0000700008986000)]
  0x00007fe469881800 JavaThread "Finalizer" daemon [_thread_blocked, id=16131, stack(0x0000700008989000,0x0000700008a89000)]
  0x00007fe469882800 JavaThread "Signal Dispatcher" daemon [_thread_blocked, id=42755, stack(0x0000700008a8c000,0x0000700008b8c000)]
  0x00007fe46a80b800 JavaThread "C2 CompilerThread0" daemon [_thread_blocked, id=22531, stack(0x0000700008b8f000,0x0000700008c8f000)]
  0x00007fe469886800 JavaThread "C2 CompilerThread1" daemon [_thread_blocked, id=41987, stack(0x0000700008c92000,0x0000700008d92000)]
  0x00007fe469887000 JavaThread "C1 CompilerThread2" daemon [_thread_blocked, id=41219, stack(0x0000700008d95000,0x0000700008e95000)]
  0x00007fe46a044000 JavaThread "Sweeper thread" daemon [_thread_blocked, id=40707, stack(0x0000700008e98000,0x0000700008f98000)]
  0x00007fe46988a000 JavaThread "Service Thread" daemon [_thread_blocked, id=40195, stack(0x0000700008f9b000,0x000070000909b000)]
  0x00007fe46a004000 JavaThread "Common-Cleaner" daemon [_thread_blocked, id=39683, stack(0x000070000909e000,0x000070000919e000)]
  0x00007fe46b200800 JavaThread "AppKit Thread" daemon [_thread_in_native, id=775, stack(0x00007ffee7390000,0x00007ffee7b90000)]
  0x00007fe46b1fd800 JavaThread "AWT-Shutdown" [_thread_blocked, id=33795, stack(0x00007000092a4000,0x00007000093a4000)]
=>0x00007fe46b225000 JavaThread "Java2D Queue Flusher" daemon [_thread_in_native, id=55559, stack(0x0000700009636000,0x0000700009736000)]
  0x00007fe46b26c000 JavaThread "Java2D Disposer" daemon [_thread_blocked, id=74243, stack(0x0000700009739000,0x0000700009839000)]
  0x00007fe46acf1800 JavaThread "AWT-EventQueue-0" [_thread_blocked, id=71939, stack(0x000070000983c000,0x000070000993c000)]
  0x00007fe469d53800 JavaThread "DestroyJavaVM" [_thread_blocked, id=7171, stack(0x0000700007b5f000,0x0000700007c5f000)]

Other Threads:
  0x00007fe46b000800 VMThread "VM Thread" [stack: 0x0000700008783000,0x0000700008883000] [id=16899]
  0x00007fe46a8ae000 WatcherThread [stack: 0x00007000091a1000,0x00007000092a1000] [id=39427]
  0x00007fe469811800 GCTaskThread "GC Thread#0" [stack: 0x0000700007c62000,0x0000700007d62000] [id=11523]
  0x00007fe469812000 GCTaskThread "GC Thread#1" [stack: 0x0000700007d65000,0x0000700007e65000] [id=12035]
  0x00007fe469813000 GCTaskThread "GC Thread#2" [stack: 0x0000700007e68000,0x0000700007f68000] [id=20739]
  0x00007fe469813800 GCTaskThread "GC Thread#3" [stack: 0x0000700007f6b000,0x000070000806b000] [id=20227]
  0x00007fe46982c800 ConcurrentGCThread "G1 Main Marker" [stack: 0x000070000806e000,0x000070000816e000] [id=19715]
  0x00007fe46982d800 ConcurrentGCThread "G1 Conc#0" [stack: 0x0000700008171000,0x0000700008271000] [id=12547]
  0x00007fe46986e000 ConcurrentGCThread "G1 Refine#0" [stack: 0x0000700008274000,0x0000700008374000] [id=18947]
  0x00007fe46986f000 ConcurrentGCThread "G1 Refine#1" [stack: 0x0000700008377000,0x0000700008477000] [id=18435]
  0x00007fe46986f800 ConcurrentGCThread "G1 Refine#2" [stack: 0x000070000847a000,0x000070000857a000] [id=17923]
  0x00007fe469870800 ConcurrentGCThread "G1 Refine#3" [stack: 0x000070000857d000,0x000070000867d000] [id=17667]
  0x00007fe469871000 ConcurrentGCThread "G1 Young RemSet Sampling" [stack: 0x0000700008680000,0x0000700008780000] [id=13315]

Threads with active compile tasks:

VM state:not at safepoint (normal execution)

VM Mutex/Monitor currently owned by a thread: None

Heap address: 0x0000000740000000, size: 2048 MB, Compressed Oops mode: Zero based, Oop shift amount: 3
Narrow klass base: 0x0000000000000000, Narrow klass shift: 3
Compressed class space size: 1073741824 Address: 0x00000007c0000000

Heap:
 garbage-first heap   total 131072K, used 10980K [0x0000000740000000, 0x00000007c0000000)
  region size 1024K, 5 young (5120K), 2 survivors (2048K)
 Metaspace       used 15016K, capacity 15412K, committed 15616K, reserved 1062912K
  class space    used 1535K, capacity 1736K, committed 1792K, reserved 1048576K
Heap Regions: E=young(eden), S=young(survivor), O=old, HS=humongous(starts), HC=humongous(continues), CS=collection set, F=free, A=archive, TS=gc time stamp, AC=allocation context, TAMS=top-at-mark-start (previous, next)
|   0|0x0000000740000000, 0x0000000740100000, 0x0000000740100000|100%|HS|  |TS  0|AC  0|TAMS 0x0000000740000000, 0x0000000740000000|
|   1|0x0000000740100000, 0x0000000740200000, 0x0000000740200000|100%|HC|  |TS  0|AC  0|TAMS 0x0000000740100000, 0x0000000740100000|
|   2|0x0000000740200000, 0x0000000740300000, 0x0000000740300000|100%|HS|  |TS  0|AC  0|TAMS 0x0000000740200000, 0x0000000740200000|
|   3|0x0000000740300000, 0x0000000740400000, 0x0000000740400000|100%|HC|  |TS  0|AC  0|TAMS 0x0000000740300000, 0x0000000740300000|
|   4|0x0000000740400000, 0x0000000740500000, 0x0000000740500000|100%|HS|  |TS  0|AC  0|TAMS 0x0000000740400000, 0x0000000740400000|
|   5|0x0000000740500000, 0x0000000740600000, 0x0000000740600000|100%|HC|  |TS  0|AC  0|TAMS 0x0000000740500000, 0x0000000740500000|
|   6|0x0000000740600000, 0x00000007406b9000, 0x0000000740700000| 72%| O|  |TS  1|AC  0|TAMS 0x0000000740600000, 0x0000000740600000|
|   7|0x0000000740700000, 0x0000000740700000, 0x0000000740800000|  0%| F|  |TS  0|AC  0|TAMS 0x0000000740700000, 0x0000000740700000|
|   8|0x0000000740800000, 0x0000000740800000, 0x0000000740900000|  0%| F|  |TS  0|AC  0|TAMS 0x0000000740800000, 0x0000000740800000|
|   9|0x0000000740900000, 0x0000000740900000, 0x0000000740a00000|  0%| F|  |TS  0|AC  0|TAMS 0x0000000740900000, 0x0000000740900000|
|  10|0x0000000740a00000, 0x0000000740a00000, 0x0000000740b00000|  0%| F|  |TS  0|AC  0|TAMS 0x0000000740a00000, 0x0000000740a00000|
|  11|0x0000000740b00000, 0x0000000740b00000, 0x0000000740c00000|  0%| F|  |TS  0|AC  0|TAMS 0x0000000740b00000, 0x0000000740b00000|
|  12|0x0000000740c00000, 0x0000000740c00000, 0x0000000740d00000|  0%| F|  |TS  0|AC  0|TAMS 0x0000000740c00000, 0x0000000740c00000|
|  13|0x0000000740d00000, 0x0000000740d00000, 0x0000000740e00000|  0%| F|  |TS  0|AC  0|TAMS 0x0000000740d00000, 0x0000000740d00000|
|  14|0x0000000740e00000, 0x0000000740e00000, 0x0000000740f00000|  0%| F|  |TS  0|AC  0|TAMS 0x0000000740e00000, 0x0000000740e00000|
|  15|0x0000000740f00000, 0x0000000740f00000, 0x0000000741000000|  0%| F|  |TS  0|AC  0|TAMS 0x0000000740f00000, 0x0000000740f00000|
|  16|0x0000000741000000, 0x0000000741000000, 0x0000000741100000|  0%| F|  |TS  0|AC  0|TAMS 0x0000000741000000, 0x0000000741000000|
|  17|0x0000000741100000, 0x0000000741100000, 0x0000000741200000|  0%| F|  |TS  0|AC  0|TAMS 0x0000000741100000, 0x0000000741100000|
|  18|0x0000000741200000, 0x0000000741200000, 0x0000000741300000|  0%| F|  |TS  0|AC  0|TAMS 0x0000000741200000, 0x0000000741200000|
|  19|0x0000000741300000, 0x0000000741300000, 0x0000000741400000|  0%| F|  |TS  0|AC  0|TAMS 0x0000000741300000, 0x0000000741300000|
|  20|0x0000000741400000, 0x0000000741400000, 0x0000000741500000|  0%| F|  |TS  0|AC  0|TAMS 0x0000000741400000, 0x0000000741400000|
|  21|0x0000000741500000, 0x0000000741500000, 0x0000000741600000|  0%| F|  |TS  0|AC  0|TAMS 0x0000000741500000, 0x0000000741500000|
|  22|0x0000000741600000, 0x0000000741600000, 0x0000000741700000|  0%| F|  |TS  0|AC  0|TAMS 0x0000000741600000, 0x0000000741600000|
|  23|0x0000000741700000, 0x0000000741700000, 0x0000000741800000|  0%| F|  |TS  0|AC  0|TAMS 0x0000000741700000, 0x0000000741700000|
|  24|0x0000000741800000, 0x0000000741800000, 0x0000000741900000|  0%| F|  |TS  0|AC  0|TAMS 0x0000000741800000, 0x0000000741800000|
|  25|0x0000000741900000, 0x0000000741900000, 0x0000000741a00000|  0%| F|  |TS  0|AC  0|TAMS 0x0000000741900000, 0x0000000741900000|
|  26|0x0000000741a00000, 0x0000000741a00000, 0x0000000741b00000|  0%| F|  |TS  0|AC  0|TAMS 0x0000000741a00000, 0x0000000741a00000|
|  27|0x0000000741b00000, 0x0000000741b00000, 0x0000000741c00000|  0%| F|  |TS  0|AC  0|TAMS 0x0000000741b00000, 0x0000000741b00000|
|  28|0x0000000741c00000, 0x0000000741c00000, 0x0000000741d00000|  0%| F|  |TS  0|AC  0|TAMS 0x0000000741c00000, 0x0000000741c00000|
|  29|0x0000000741d00000, 0x0000000741d00000, 0x0000000741e00000|  0%| F|  |TS  0|AC  0|TAMS 0x0000000741d00000, 0x0000000741d00000|
|  30|0x0000000741e00000, 0x0000000741e00000, 0x0000000741f00000|  0%| F|  |TS  0|AC  0|TAMS 0x0000000741e00000, 0x0000000741e00000|
|  31|0x0000000741f00000, 0x0000000741f00000, 0x0000000742000000|  0%| F|  |TS  0|AC  0|TAMS 0x0000000741f00000, 0x0000000741f00000|
|  32|0x0000000742000000, 0x0000000742000000, 0x0000000742100000|  0%| F|  |TS  0|AC  0|TAMS 0x0000000742000000, 0x0000000742000000|
|  33|0x0000000742100000, 0x0000000742100000, 0x0000000742200000|  0%| F|  |TS  0|AC  0|TAMS 0x0000000742100000, 0x0000000742100000|
|  34|0x0000000742200000, 0x0000000742200000, 0x0000000742300000|  0%| F|  |TS  0|AC  0|TAMS 0x0000000742200000, 0x0000000742200000|
|  35|0x0000000742300000, 0x0000000742300000, 0x0000000742400000|  0%| F|  |TS  0|AC  0|TAMS 0x0000000742300000, 0x0000000742300000|
|  36|0x0000000742400000, 0x0000000742400000, 0x0000000742500000|  0%| F|  |TS  0|AC  0|TAMS 0x0000000742400000, 0x0000000742400000|
|  37|0x0000000742500000, 0x0000000742500000, 0x0000000742600000|  0%| F|  |TS  0|AC  0|TAMS 0x0000000742500000, 0x0000000742500000|
|  38|0x0000000742600000, 0x0000000742600000, 0x0000000742700000|  0%| F|  |TS  0|AC  0|TAMS 0x0000000742600000, 0x0000000742600000|
|  39|0x0000000742700000, 0x0000000742700000, 0x0000000742800000|  0%| F|  |TS  0|AC  0|TAMS 0x0000000742700000, 0x0000000742700000|
|  40|0x0000000742800000, 0x0000000742800000, 0x0000000742900000|  0%| F|  |TS  0|AC  0|TAMS 0x0000000742800000, 0x0000000742800000|
|  41|0x0000000742900000, 0x0000000742900000, 0x0000000742a00000|  0%| F|  |TS  0|AC  0|TAMS 0x0000000742900000, 0x0000000742900000|
|  42|0x0000000742a00000, 0x0000000742a00000, 0x0000000742b00000|  0%| F|  |TS  0|AC  0|TAMS 0x0000000742a00000, 0x0000000742a00000|
|  43|0x0000000742b00000, 0x0000000742b00000, 0x0000000742c00000|  0%| F|  |TS  0|AC  0|TAMS 0x0000000742b00000, 0x0000000742b00000|
|  44|0x0000000742c00000, 0x0000000742c00000, 0x0000000742d00000|  0%| F|  |TS  0|AC  0|TAMS 0x0000000742c00000, 0x0000000742c00000|
|  45|0x0000000742d00000, 0x0000000742d00000, 0x0000000742e00000|  0%| F|  |TS  0|AC  0|TAMS 0x0000000742d00000, 0x0000000742d00000|
|  46|0x0000000742e00000, 0x0000000742e00000, 0x0000000742f00000|  0%| F|  |TS  0|AC  0|TAMS 0x0000000742e00000, 0x0000000742e00000|
|  47|0x0000000742f00000, 0x0000000742f00000, 0x0000000743000000|  0%| F|  |TS  0|AC  0|TAMS 0x0000000742f00000, 0x0000000742f00000|
|  48|0x0000000743000000, 0x0000000743000000, 0x0000000743100000|  0%| F|  |TS  0|AC  0|TAMS 0x0000000743000000, 0x0000000743000000|
|  49|0x0000000743100000, 0x0000000743100000, 0x0000000743200000|  0%| F|  |TS  0|AC  0|TAMS 0x0000000743100000, 0x0000000743100000|
|  50|0x0000000743200000, 0x0000000743200000, 0x0000000743300000|  0%| F|  |TS  0|AC  0|TAMS 0x0000000743200000, 0x0000000743200000|
|  51|0x0000000743300000, 0x0000000743300000, 0x0000000743400000|  0%| F|  |TS  0|AC  0|TAMS 0x0000000743300000, 0x0000000743300000|
|  52|0x0000000743400000, 0x0000000743400000, 0x0000000743500000|  0%| F|  |TS  0|AC  0|TAMS 0x0000000743400000, 0x0000000743400000|
|  53|0x0000000743500000, 0x0000000743500000, 0x0000000743600000|  0%| F|  |TS  0|AC  0|TAMS 0x0000000743500000, 0x0000000743500000|
|  54|0x0000000743600000, 0x0000000743600000, 0x0000000743700000|  0%| F|  |TS  0|AC  0|TAMS 0x0000000743600000, 0x0000000743600000|
|  55|0x0000000743700000, 0x0000000743700000, 0x0000000743800000|  0%| F|  |TS  0|AC  0|TAMS 0x0000000743700000, 0x0000000743700000|
|  56|0x0000000743800000, 0x0000000743800000, 0x0000000743900000|  0%| F|  |TS  0|AC  0|TAMS 0x0000000743800000, 0x0000000743800000|
|  57|0x0000000743900000, 0x0000000743900000, 0x0000000743a00000|  0%| F|  |TS  0|AC  0|TAMS 0x0000000743900000, 0x0000000743900000|
|  58|0x0000000743a00000, 0x0000000743a00000, 0x0000000743b00000|  0%| F|  |TS  0|AC  0|TAMS 0x0000000743a00000, 0x0000000743a00000|
|  59|0x0000000743b00000, 0x0000000743b00000, 0x0000000743c00000|  0%| F|  |TS  0|AC  0|TAMS 0x0000000743b00000, 0x0000000743b00000|
|  60|0x0000000743c00000, 0x0000000743c00000, 0x0000000743d00000|  0%| F|  |TS  0|AC  0|TAMS 0x0000000743c00000, 0x0000000743c00000|
|  61|0x0000000743d00000, 0x0000000743d00000, 0x0000000743e00000|  0%| F|  |TS  0|AC  0|TAMS 0x0000000743d00000, 0x0000000743d00000|
|  62|0x0000000743e00000, 0x0000000743e00000, 0x0000000743f00000|  0%| F|  |TS  0|AC  0|TAMS 0x0000000743e00000, 0x0000000743e00000|
|  63|0x0000000743f00000, 0x0000000743f00000, 0x0000000744000000|  0%| F|  |TS  0|AC  0|TAMS 0x0000000743f00000, 0x0000000743f00000|
|  64|0x0000000744000000, 0x0000000744000000, 0x0000000744100000|  0%| F|  |TS  0|AC  0|TAMS 0x0000000744000000, 0x0000000744000000|
|  65|0x0000000744100000, 0x0000000744100000, 0x0000000744200000|  0%| F|  |TS  0|AC  0|TAMS 0x0000000744100000, 0x0000000744100000|
|  66|0x0000000744200000, 0x0000000744200000, 0x0000000744300000|  0%| F|  |TS  0|AC  0|TAMS 0x0000000744200000, 0x0000000744200000|
|  67|0x0000000744300000, 0x0000000744300000, 0x0000000744400000|  0%| F|  |TS  0|AC  0|TAMS 0x0000000744300000, 0x0000000744300000|
|  68|0x0000000744400000, 0x0000000744400000, 0x0000000744500000|  0%| F|  |TS  0|AC  0|TAMS 0x0000000744400000, 0x0000000744400000|
|  69|0x0000000744500000, 0x0000000744500000, 0x0000000744600000|  0%| F|  |TS  0|AC  0|TAMS 0x0000000744500000, 0x0000000744500000|
|  70|0x0000000744600000, 0x0000000744600000, 0x0000000744700000|  0%| F|  |TS  0|AC  0|TAMS 0x0000000744600000, 0x0000000744600000|
|  71|0x0000000744700000, 0x0000000744700000, 0x0000000744800000|  0%| F|  |TS  0|AC  0|TAMS 0x0000000744700000, 0x0000000744700000|
|  72|0x0000000744800000, 0x0000000744800000, 0x0000000744900000|  0%| F|  |TS  0|AC  0|TAMS 0x0000000744800000, 0x0000000744800000|
|  73|0x0000000744900000, 0x0000000744900000, 0x0000000744a00000|  0%| F|  |TS  0|AC  0|TAMS 0x0000000744900000, 0x0000000744900000|
|  74|0x0000000744a00000, 0x0000000744a00000, 0x0000000744b00000|  0%| F|  |TS  0|AC  0|TAMS 0x0000000744a00000, 0x0000000744a00000|
|  75|0x0000000744b00000, 0x0000000744b00000, 0x0000000744c00000|  0%| F|  |TS  0|AC  0|TAMS 0x0000000744b00000, 0x0000000744b00000|
|  76|0x0000000744c00000, 0x0000000744c00000, 0x0000000744d00000|  0%| F|  |TS  0|AC  0|TAMS 0x0000000744c00000, 0x0000000744c00000|
|  77|0x0000000744d00000, 0x0000000744d00000, 0x0000000744e00000|  0%| F|  |TS  0|AC  0|TAMS 0x0000000744d00000, 0x0000000744d00000|
|  78|0x0000000744e00000, 0x0000000744e00000, 0x0000000744f00000|  0%| F|  |TS  0|AC  0|TAMS 0x0000000744e00000, 0x0000000744e00000|
|  79|0x0000000744f00000, 0x0000000744f00000, 0x0000000745000000|  0%| F|  |TS  0|AC  0|TAMS 0x0000000744f00000, 0x0000000744f00000|
|  80|0x0000000745000000, 0x0000000745000000, 0x0000000745100000|  0%| F|  |TS  0|AC  0|TAMS 0x0000000745000000, 0x0000000745000000|
|  81|0x0000000745100000, 0x0000000745100000, 0x0000000745200000|  0%| F|  |TS  0|AC  0|TAMS 0x0000000745100000, 0x0000000745100000|
|  82|0x0000000745200000, 0x0000000745200000, 0x0000000745300000|  0%| F|  |TS  0|AC  0|TAMS 0x0000000745200000, 0x0000000745200000|
|  83|0x0000000745300000, 0x0000000745300000, 0x0000000745400000|  0%| F|  |TS  0|AC  0|TAMS 0x0000000745300000, 0x0000000745300000|
|  84|0x0000000745400000, 0x0000000745400000, 0x0000000745500000|  0%| F|  |TS  0|AC  0|TAMS 0x0000000745400000, 0x0000000745400000|
|  85|0x0000000745500000, 0x0000000745500000, 0x0000000745600000|  0%| F|  |TS  0|AC  0|TAMS 0x0000000745500000, 0x0000000745500000|
|  86|0x0000000745600000, 0x0000000745600000, 0x0000000745700000|  0%| F|  |TS  0|AC  0|TAMS 0x0000000745600000, 0x0000000745600000|
|  87|0x0000000745700000, 0x0000000745700000, 0x0000000745800000|  0%| F|  |TS  0|AC  0|TAMS 0x0000000745700000, 0x0000000745700000|
|  88|0x0000000745800000, 0x0000000745800000, 0x0000000745900000|  0%| F|  |TS  0|AC  0|TAMS 0x0000000745800000, 0x0000000745800000|
|  89|0x0000000745900000, 0x0000000745900000, 0x0000000745a00000|  0%| F|  |TS  0|AC  0|TAMS 0x0000000745900000, 0x0000000745900000|
|  90|0x0000000745a00000, 0x0000000745a00000, 0x0000000745b00000|  0%| F|  |TS  0|AC  0|TAMS 0x0000000745a00000, 0x0000000745a00000|
|  91|0x0000000745b00000, 0x0000000745b00000, 0x0000000745c00000|  0%| F|  |TS  0|AC  0|TAMS 0x0000000745b00000, 0x0000000745b00000|
|  92|0x0000000745c00000, 0x0000000745c00000, 0x0000000745d00000|  0%| F|  |TS  0|AC  0|TAMS 0x0000000745c00000, 0x0000000745c00000|
|  93|0x0000000745d00000, 0x0000000745d00000, 0x0000000745e00000|  0%| F|  |TS  0|AC  0|TAMS 0x0000000745d00000, 0x0000000745d00000|
|  94|0x0000000745e00000, 0x0000000745e00000, 0x0000000745f00000|  0%| F|  |TS  0|AC  0|TAMS 0x0000000745e00000, 0x0000000745e00000|
|  95|0x0000000745f00000, 0x0000000745f00000, 0x0000000746000000|  0%| F|  |TS  0|AC  0|TAMS 0x0000000745f00000, 0x0000000745f00000|
|  96|0x0000000746000000, 0x0000000746000000, 0x0000000746100000|  0%| F|  |TS  0|AC  0|TAMS 0x0000000746000000, 0x0000000746000000|
|  97|0x0000000746100000, 0x0000000746100000, 0x0000000746200000|  0%| F|  |TS  0|AC  0|TAMS 0x0000000746100000, 0x0000000746100000|
|  98|0x0000000746200000, 0x0000000746200000, 0x0000000746300000|  0%| F|  |TS  0|AC  0|TAMS 0x0000000746200000, 0x0000000746200000|
|  99|0x0000000746300000, 0x0000000746300000, 0x0000000746400000|  0%| F|  |TS  0|AC  0|TAMS 0x0000000746300000, 0x0000000746300000|
| 100|0x0000000746400000, 0x0000000746400000, 0x0000000746500000|  0%| F|  |TS  0|AC  0|TAMS 0x0000000746400000, 0x0000000746400000|
| 101|0x0000000746500000, 0x0000000746500000, 0x0000000746600000|  0%| F|  |TS  0|AC  0|TAMS 0x0000000746500000, 0x0000000746500000|
| 102|0x0000000746600000, 0x0000000746600000, 0x0000000746700000|  0%| F|  |TS  0|AC  0|TAMS 0x0000000746600000, 0x0000000746600000|
| 103|0x0000000746700000, 0x0000000746700000, 0x0000000746800000|  0%| F|  |TS  0|AC  0|TAMS 0x0000000746700000, 0x0000000746700000|
| 104|0x0000000746800000, 0x0000000746800000, 0x0000000746900000|  0%| F|  |TS  0|AC  0|TAMS 0x0000000746800000, 0x0000000746800000|
| 105|0x0000000746900000, 0x0000000746900000, 0x0000000746a00000|  0%| F|  |TS  0|AC  0|TAMS 0x0000000746900000, 0x0000000746900000|
| 106|0x0000000746a00000, 0x0000000746a00000, 0x0000000746b00000|  0%| F|  |TS  0|AC  0|TAMS 0x0000000746a00000, 0x0000000746a00000|
| 107|0x0000000746b00000, 0x0000000746b00000, 0x0000000746c00000|  0%| F|  |TS  0|AC  0|TAMS 0x0000000746b00000, 0x0000000746b00000|
| 108|0x0000000746c00000, 0x0000000746c00000, 0x0000000746d00000|  0%| F|  |TS  0|AC  0|TAMS 0x0000000746c00000, 0x0000000746c00000|
| 109|0x0000000746d00000, 0x0000000746d00000, 0x0000000746e00000|  0%| F|  |TS  0|AC  0|TAMS 0x0000000746d00000, 0x0000000746d00000|
| 110|0x0000000746e00000, 0x0000000746e00000, 0x0000000746f00000|  0%| F|  |TS  0|AC  0|TAMS 0x0000000746e00000, 0x0000000746e00000|
| 111|0x0000000746f00000, 0x0000000746f00000, 0x0000000747000000|  0%| F|  |TS  0|AC  0|TAMS 0x0000000746f00000, 0x0000000746f00000|
| 112|0x0000000747000000, 0x0000000747100000, 0x0000000747100000|100%| S|CS|TS  1|AC  0|TAMS 0x0000000747000000, 0x0000000747000000|
| 113|0x0000000747100000, 0x0000000747200000, 0x0000000747200000|100%| S|CS|TS  1|AC  0|TAMS 0x0000000747100000, 0x0000000747100000|
| 114|0x0000000747200000, 0x0000000747200000, 0x0000000747300000|  0%| F|  |TS  1|AC  0|TAMS 0x0000000747200000, 0x0000000747200000|
| 115|0x0000000747300000, 0x0000000747300000, 0x0000000747400000|  0%| F|  |TS  1|AC  0|TAMS 0x0000000747300000, 0x0000000747300000|
| 116|0x0000000747400000, 0x0000000747400000, 0x0000000747500000|  0%| F|  |TS  1|AC  0|TAMS 0x0000000747400000, 0x0000000747400000|
| 117|0x0000000747500000, 0x0000000747500000, 0x0000000747600000|  0%| F|  |TS  1|AC  0|TAMS 0x0000000747500000, 0x0000000747500000|
| 118|0x0000000747600000, 0x0000000747600000, 0x0000000747700000|  0%| F|  |TS  1|AC  0|TAMS 0x0000000747600000, 0x0000000747600000|
| 119|0x0000000747700000, 0x0000000747700000, 0x0000000747800000|  0%| F|  |TS  1|AC  0|TAMS 0x0000000747700000, 0x0000000747700000|
| 120|0x0000000747800000, 0x0000000747800000, 0x0000000747900000|  0%| F|  |TS  1|AC  0|TAMS 0x0000000747800000, 0x0000000747800000|
| 121|0x0000000747900000, 0x0000000747900000, 0x0000000747a00000|  0%| F|  |TS  1|AC  0|TAMS 0x0000000747900000, 0x0000000747900000|
| 122|0x0000000747a00000, 0x0000000747a00000, 0x0000000747b00000|  0%| F|  |TS  1|AC  0|TAMS 0x0000000747a00000, 0x0000000747a00000|
| 123|0x0000000747b00000, 0x0000000747b00000, 0x0000000747c00000|  0%| F|  |TS  1|AC  0|TAMS 0x0000000747b00000, 0x0000000747b00000|
| 124|0x0000000747c00000, 0x0000000747c00000, 0x0000000747d00000|  0%| F|  |TS  1|AC  0|TAMS 0x0000000747c00000, 0x0000000747c00000|
| 125|0x0000000747d00000, 0x0000000747d80800, 0x0000000747e00000| 50%| E|  |TS  1|AC  0|TAMS 0x0000000747d00000, 0x0000000747d00000|
| 126|0x0000000747e00000, 0x0000000747f00000, 0x0000000747f00000|100%| E|CS|TS  1|AC  0|TAMS 0x0000000747e00000, 0x0000000747e00000|
| 127|0x0000000747f00000, 0x0000000748000000, 0x0000000748000000|100%| E|CS|TS  1|AC  0|TAMS 0x0000000747f00000, 0x0000000747f00000|

Card table byte_map: [0x00000001153e3000,0x00000001157e3000] byte_map_base: 0x00000001119e3000

Marking Bits (Prev, Next): (CMBitMap*) 0x00007fe46982c060, (CMBitMap*) 0x00007fe46982c098
 Prev Bits: [0x00000001253ce000, 0x00000001273ce000)
 Next Bits: [0x00000001273ce000, 0x00000001293ce000)

Polling page: 0x0000000108e97000

CodeHeap 'non-profiled nmethods': size=120032Kb used=498Kb max_used=498Kb free=119533Kb
 bounds [0x000000011de96000, 0x000000011e106000, 0x00000001253ce000]
CodeHeap 'profiled nmethods': size=120032Kb used=2368Kb max_used=2368Kb free=117663Kb
 bounds [0x000000011695e000, 0x0000000116bce000, 0x000000011de96000]
CodeHeap 'non-nmethods': size=5696Kb used=1216Kb max_used=1255Kb free=4479Kb
 bounds [0x00000001163ce000, 0x000000011663e000, 0x000000011695e000]
 total_blobs=2124 nmethods=1275 adapters=524
 compilation: enabled

Compilation events (10 events):
Event: 552.401 Thread 0x00007fe469887000 1272       1       java.awt.event.MouseAdapter::mouseMoved (1 bytes)
Event: 552.401 Thread 0x00007fe469887000 nmethod 1272 0x000000011df12490 code [0x000000011df12640, 0x000000011df12750]
Event: 552.401 Thread 0x00007fe469887000 1273       1       javax.swing.text.DefaultCaret::mouseMoved (1 bytes)
Event: 552.401 Thread 0x00007fe469887000 nmethod 1273 0x000000011df12790 code [0x000000011df12940, 0x000000011df12a50]
Event: 552.432 Thread 0x00007fe469887000 1274   !   3       java.lang.ref.ReferenceQueue::enqueue (119 bytes)
Event: 552.434 Thread 0x00007fe469887000 nmethod 1274 0x0000000116bac090 code [0x0000000116bac2a0, 0x0000000116bacaa8]
Event: 552.437 Thread 0x00007fe469887000 1275       3       java.lang.ref.ReferenceQueue::reallyPoll (65 bytes)
Event: 552.437 Thread 0x00007fe469887000 nmethod 1275 0x0000000116bacc90 code [0x0000000116bace80, 0x0000000116bad410]
Event: 552.437 Thread 0x00007fe469887000 1276   !   3       java.lang.ref.ReferenceQueue::remove (125 bytes)
Event: 552.439 Thread 0x00007fe469887000 nmethod 1276 0x0000000116bad510 code [0x0000000116bad740, 0x0000000116badf98]

GC Heap History (2 events):
Event: 552.418 GC heap before
{Heap before GC invocations=0 (full 0):
 garbage-first heap   total 131072K, used 20480K [0x0000000740000000, 0x00000007c0000000)
  region size 1024K, 14 young (14336K), 0 survivors (0K)
 Metaspace       used 15011K, capacity 15348K, committed 15616K, reserved 1062912K
  class space    used 1535K, capacity 1736K, committed 1792K, reserved 1048576K
}
Event: 552.428 GC heap after
{Heap after GC invocations=1 (full 0):
 garbage-first heap   total 131072K, used 8932K [0x0000000740000000, 0x00000007c0000000)
  region size 1024K, 2 young (2048K), 2 survivors (2048K)
 Metaspace       used 15011K, capacity 15348K, committed 15616K, reserved 1062912K
  class space    used 1535K, capacity 1736K, committed 1792K, reserved 1048576K
}

Deoptimization events (6 events):
Event: 0.193 Thread 0x00007fe46b002000 Uncommon trap: reason=unstable_if action=reinterpret pc=0x000000011de991dc method=java.lang.String.hashCode()I @ 14 c2
Event: 0.361 Thread 0x00007fe46b002000 Uncommon trap: reason=unstable_if action=reinterpret pc=0x000000011dea0410 method=java.lang.String.isLatin1()Z @ 10 c2
Event: 0.363 Thread 0x00007fe46b002000 Uncommon trap: reason=unstable_if action=reinterpret pc=0x000000011de9cef8 method=java.lang.String.isLatin1()Z @ 10 c2
Event: 0.987 Thread 0x00007fe46b002000 Uncommon trap: reason=unstable_if action=reinterpret pc=0x000000011debd830 method=jdk.internal.org.objectweb.asm.Type.getArgumentsAndReturnSizes(Ljava/lang/String;)I @ 88 c2
Event: 3.836 Thread 0x00007fe46b002000 Uncommon trap: reason=unstable_if action=reinterpret pc=0x000000011dee7f64 method=java.lang.StringLatin1.toLowerCase(Ljava/lang/String;[BLjava/util/Locale;)Ljava/lang/String; @ 40 c2
Event: 466.645 Thread 0x00007fe46acf1800 Uncommon trap: reason=unstable_if action=reinterpret pc=0x000000011defa4e8 method=java.security.AccessControlContext.optimize()Ljava/security/AccessControlContext; @ 206 c2

Classes redefined (0 events):
No events

Internal exceptions (10 events):
Event: 1.757 Thread 0x00007fe46b002000 Exception <a 'java/lang/NoSuchMethodError'{0x00000007476a7bd8}: java.lang.invoke.DirectMethodHandle$Holder.invokeStatic(Ljava/lang/Object;Ljava/lang/Object;Ljava/lang/Object;Ljava/lang/Object;Ljava/lang/Object;Ljava/lang/Object;Ljava/lang/Object;Ljava/lan
Event: 1.760 Thread 0x00007fe46b002000 Exception <a 'java/lang/NoSuchMethodError'{0x00000007476c81c8}: java.lang.invoke.DirectMethodHandle$Holder.invokeStatic(Ljava/lang/Object;Ljava/lang/Object;Ljava/lang/Object;Ljava/lang/Object;Ljava/lang/Object;Ljava/lang/Object;Ljava/lang/Object;Ljava/lan
Event: 1.762 Thread 0x00007fe46b002000 Exception <a 'java/lang/NoSuchMethodError'{0x00000007476e9b38}: java.lang.invoke.DirectMethodHandle$Holder.invokeStatic(Ljava/lang/Object;Ljava/lang/Object;Ljava/lang/Object;Ljava/lang/Object;Ljava/lang/Object;Ljava/lang/Object;Ljava/lang/Object;Ljava/lan
Event: 1.765 Thread 0x00007fe46b002000 Exception <a 'java/lang/NoSuchMethodError'{0x000000074750d120}: java.lang.invoke.DirectMethodHandle$Holder.invokeStatic(Ljava/lang/Object;Ljava/lang/Object;Ljava/lang/Object;Ljava/lang/Object;Ljava/lang/Object;Ljava/lang/Object;Ljava/lang/Object;Ljava/lan
Event: 3.915 Thread 0x00007fe46b002000 Exception <a 'java/lang/NoSuchMethodError'{0x00000007474009a8}: java.lang.invoke.DirectMethodHandle$Holder.invokeSpecial(Ljava/lang/Object;Ljava/lang/Object;J)V> (0x00000007474009a8) thrown at [/scratch/mesos/slaves/555f5737-a945-4eb0-8d30-afb1fc816afd-S7
Event: 3.916 Thread 0x00007fe46b002000 Exception <a 'java/lang/NoSuchMethodError'{0x00000007474064b8}: java.lang.invoke.DirectMethodHandle$Holder.invokeStatic(Ljava/lang/Object;JJ)V> (0x00000007474064b8) thrown at [/scratch/mesos/slaves/555f5737-a945-4eb0-8d30-afb1fc816afd-S70/frameworks/1735e
Event: 3.917 Thread 0x00007fe46b002000 Exception <a 'java/lang/NoSuchMethodError'{0x000000074740b758}: java.lang.invoke.DirectMethodHandle$Holder.invokeStatic(Ljava/lang/Object;J)Ljava/lang/Object;> (0x000000074740b758) thrown at [/scratch/mesos/slaves/555f5737-a945-4eb0-8d30-afb1fc816afd-S70/
Event: 3.918 Thread 0x00007fe46b002000 Exception <a 'java/lang/NoSuchMethodError'{0x000000074740ec20}: method resolution failed> (0x000000074740ec20) thrown at [/scratch/mesos/slaves/555f5737-a945-4eb0-8d30-afb1fc816afd-S70/frameworks/1735e8a2-a1db-478c-8104-60c8b0af87dd-0196/executors/5e9592f
Event: 3.919 Thread 0x00007fe46b002000 Exception <a 'java/lang/NoSuchMethodError'{0x0000000747414630}: method resolution failed> (0x0000000747414630) thrown at [/scratch/mesos/slaves/555f5737-a945-4eb0-8d30-afb1fc816afd-S70/frameworks/1735e8a2-a1db-478c-8104-60c8b0af87dd-0196/executors/5e9592f
Event: 552.437 Thread 0x00007fe469881800 Exception <a 'java/lang/NullPointerException'{0x0000000747f80888}> (0x0000000747f80888) thrown at [/scratch/mesos/slaves/555f5737-a945-4eb0-8d30-afb1fc816afd-S70/frameworks/1735e8a2-a1db-478c-8104-60c8b0af87dd-0196/executors/5e9592f9-a111-4fb7-8dfd-808e6c

Events (10 events):
Event: 552.435 Executing VM operation: RevokeBias
Event: 552.435 Executing VM operation: RevokeBias done
Event: 552.435 Executing VM operation: RevokeBias
Event: 552.435 Executing VM operation: RevokeBias done
Event: 552.436 Executing VM operation: RevokeBias
Event: 552.436 Executing VM operation: RevokeBias done
Event: 552.436 Executing VM operation: RevokeBias
Event: 552.436 Executing VM operation: RevokeBias done
Event: 552.436 Executing VM operation: BulkRevokeBias
Event: 552.436 Executing VM operation: BulkRevokeBias done


Dynamic libraries:
0x00007fff429e2000 	/System/Library/Frameworks/Cocoa.framework/Versions/A/Cocoa
0x00007fff4e6c4000 	/System/Library/Frameworks/Security.framework/Versions/A/Security
0x00007fff41677000 	/System/Library/Frameworks/ApplicationServices.framework/Versions/A/ApplicationServices
0x00007fff6ed0c000 	/usr/lib/libz.1.dylib
0x00007fff6c43c000 	/usr/lib/libSystem.B.dylib
0x00007fff431ca000 	/System/Library/Frameworks/CoreFoundation.framework/Versions/A/CoreFoundation
0x00007fff4543e000 	/System/Library/Frameworks/Foundation.framework/Versions/C/Foundation
0x00007fff6de36000 	/usr/lib/libobjc.A.dylib
0x00007fff40870000 	/System/Library/Frameworks/AppKit.framework/Versions/C/AppKit
0x00007fff42d5d000 	/System/Library/Frameworks/CoreData.framework/Versions/A/CoreData
0x00007fff65f8b000 	/System/Library/PrivateFrameworks/RemoteViewServices.framework/Versions/A/RemoteViewServices
0x00007fff6a17f000 	/System/Library/PrivateFrameworks/UIFoundation.framework/Versions/A/UIFoundation
0x00007fff6b861000 	/System/Library/PrivateFrameworks/XCTTargetBootstrap.framework/Versions/A/XCTTargetBootstrap
0x00007fff60dc8000 	/System/Library/PrivateFrameworks/IconServices.framework/Versions/A/IconServices
0x00007fff47d57000 	/System/Library/Frameworks/Metal.framework/Versions/A/Metal
0x00007fff58353000 	/System/Library/PrivateFrameworks/DesktopServicesPriv.framework/Versions/A/DesktopServicesPriv
0x00007fff6d19c000 	/usr/lib/libenergytrace.dylib
0x00007fff6866e000 	/System/Library/PrivateFrameworks/SkyLight.framework/Versions/A/SkyLight
0x00007fff4360f000 	/System/Library/Frameworks/CoreGraphics.framework/Versions/A/CoreGraphics
0x00007fff3f63c000 	/System/Library/Frameworks/Accelerate.framework/Versions/A/Accelerate
0x00007fff45b84000 	/System/Library/Frameworks/IOSurface.framework/Versions/A/IOSurface
0x00007fff581bf000 	/System/Library/PrivateFrameworks/DFRFoundation.framework/Versions/A/DFRFoundation
0x00007fff41b5a000 	/System/Library/Frameworks/AudioToolbox.framework/Versions/A/AudioToolbox
0x00007fff41dd3000 	/System/Library/Frameworks/AudioUnit.framework/Versions/A/AudioUnit
0x00007fff58254000 	/System/Library/PrivateFrameworks/DataDetectorsCore.framework/Versions/A/DataDetectorsCore
0x00007fff424e6000 	/System/Library/Frameworks/Carbon.framework/Versions/A/Frameworks/HIToolbox.framework/Versions/A/HIToolbox
0x00007fff6d2f5000 	/usr/lib/libicucore.A.dylib
0x00007fff4dc3b000 	/System/Library/Frameworks/QuartzCore.framework/Versions/A/QuartzCore
0x00007fff428ba000 	/System/Library/Frameworks/Carbon.framework/Versions/A/Frameworks/SpeechRecognition.framework/Versions/A/SpeechRecognition
0x00007fff6c590000 	/usr/lib/libauto.dylib
0x00007fff6ec00000 	/usr/lib/libxml2.2.dylib
0x00007fff57d9f000 	/System/Library/PrivateFrameworks/CoreUI.framework/Versions/A/CoreUI
0x00007fff42c48000 	/System/Library/Frameworks/CoreAudio.framework/Versions/A/CoreAudio
0x00007fff4527a000 	/System/Library/Frameworks/DiskArbitration.framework/Versions/A/DiskArbitration
0x00007fff6d5a2000 	/usr/lib/liblangid.dylib
0x00007fff621c7000 	/System/Library/PrivateFrameworks/MultitouchSupport.framework/Versions/A/MultitouchSupport
0x00007fff45af3000 	/System/Library/Frameworks/IOKit.framework/Versions/A/IOKit
0x00007fff6bffd000 	/usr/lib/libDiagnosticMessagesClient.dylib
0x00007fff4441b000 	/System/Library/Frameworks/CoreServices.framework/Versions/A/CoreServices
0x00007fff63d9d000 	/System/Library/PrivateFrameworks/PerformanceAnalysis.framework/Versions/A/PerformanceAnalysis
0x00007fff4ce2b000 	/System/Library/Frameworks/OpenGL.framework/Versions/A/OpenGL
0x00007fff429f0000 	/System/Library/Frameworks/ColorSync.framework/Versions/A/ColorSync
0x00007fff43ca0000 	/System/Library/Frameworks/CoreImage.framework/Versions/A/CoreImage
0x00007fff44df4000 	/System/Library/Frameworks/CoreText.framework/Versions/A/CoreText
0x00007fff45be7000 	/System/Library/Frameworks/ImageIO.framework/Versions/A/ImageIO
0x00007fff543fd000 	/System/Library/PrivateFrameworks/Backup.framework/Versions/A/Backup
0x00007fff6c4e3000 	/usr/lib/libarchive.2.dylib
0x00007fff4212b000 	/System/Library/Frameworks/CFNetwork.framework/Versions/A/CFNetwork
0x00007fff4ee1d000 	/System/Library/Frameworks/SystemConfiguration.framework/Versions/A/SystemConfiguration
0x00007fff6bf2e000 	/usr/lib/libCRFSuite.dylib
0x00007fff6c67f000 	/usr/lib/libc++.1.dylib
0x00007fff6c6d3000 	/usr/lib/libc++abi.dylib
0x00007fff6f4fb000 	/usr/lib/system/libcache.dylib
0x00007fff6f500000 	/usr/lib/system/libcommonCrypto.dylib
0x00007fff6f50b000 	/usr/lib/system/libcompiler_rt.dylib
0x00007fff6f513000 	/usr/lib/system/libcopyfile.dylib
0x00007fff6f51d000 	/usr/lib/system/libcorecrypto.dylib
0x00007fff6f628000 	/usr/lib/system/libdispatch.dylib
0x00007fff6f662000 	/usr/lib/system/libdyld.dylib
0x00007fff6f68f000 	/usr/lib/system/libkeymgr.dylib
0x00007fff6f69d000 	/usr/lib/system/liblaunch.dylib
0x00007fff6f69e000 	/usr/lib/system/libmacho.dylib
0x00007fff6f6a4000 	/usr/lib/system/libquarantine.dylib
0x00007fff6f6a7000 	/usr/lib/system/libremovefile.dylib
0x00007fff6f6a9000 	/usr/lib/system/libsystem_asl.dylib
0x00007fff6f6c1000 	/usr/lib/system/libsystem_blocks.dylib
0x00007fff6f6c2000 	/usr/lib/system/libsystem_c.dylib
0x00007fff6f74a000 	/usr/lib/system/libsystem_configuration.dylib
0x00007fff6f74e000 	/usr/lib/system/libsystem_coreservices.dylib
0x00007fff6f752000 	/usr/lib/system/libsystem_darwin.dylib
0x00007fff6f759000 	/usr/lib/system/libsystem_dnssd.dylib
0x00007fff6f760000 	/usr/lib/system/libsystem_info.dylib
0x00007fff6f7d5000 	/usr/lib/system/libsystem_m.dylib
0x00007fff6f821000 	/usr/lib/system/libsystem_malloc.dylib
0x00007fff6f846000 	/usr/lib/system/libsystem_networkextension.dylib
0x00007fff6f851000 	/usr/lib/system/libsystem_notify.dylib
0x00007fff6f86e000 	/usr/lib/system/libsystem_sandbox.dylib
0x00007fff6f872000 	/usr/lib/system/libsystem_secinit.dylib
0x00007fff6f7ac000 	/usr/lib/system/libsystem_kernel.dylib
0x00007fff6f859000 	/usr/lib/system/libsystem_platform.dylib
0x00007fff6f863000 	/usr/lib/system/libsystem_pthread.dylib
0x00007fff6f875000 	/usr/lib/system/libsystem_symptoms.dylib
0x00007fff6f87d000 	/usr/lib/system/libsystem_trace.dylib
0x00007fff6f894000 	/usr/lib/system/libunwind.dylib
0x00007fff6f89a000 	/usr/lib/system/libxpc.dylib
0x00007fff6c660000 	/usr/lib/libbsm.0.dylib
0x00007fff6f690000 	/usr/lib/system/libkxld.dylib
0x00007fff53643000 	/System/Library/PrivateFrameworks/AppleFSCompression.framework/Versions/A/AppleFSCompression
0x00007fff6c2fc000 	/usr/lib/libOpenScriptingUtil.dylib
0x00007fff6c988000 	/usr/lib/libcoretls.dylib
0x00007fff6c99f000 	/usr/lib/libcoretls_cfhelpers.dylib
0x00007fff6e5cd000 	/usr/lib/libpam.2.dylib
0x00007fff6e78d000 	/usr/lib/libsqlite3.dylib
0x00007fff6ebee000 	/usr/lib/libxar.1.dylib
0x00007fff6c671000 	/usr/lib/libbz2.1.0.dylib
0x00007fff6d5a4000 	/usr/lib/liblzma.5.dylib
0x00007fff6da55000 	/usr/lib/libnetwork.dylib
0x00007fff6c4cc000 	/usr/lib/libapple_nghttp2.dylib
0x00007fff6e5d4000 	/usr/lib/libpcap.A.dylib
0x00007fff447ba000 	/System/Library/Frameworks/CoreServices.framework/Versions/A/Frameworks/FSEvents.framework/Versions/A/FSEvents
0x00007fff44499000 	/System/Library/Frameworks/CoreServices.framework/Versions/A/Frameworks/CarbonCore.framework/Versions/A/CarbonCore
0x00007fff44976000 	/System/Library/Frameworks/CoreServices.framework/Versions/A/Frameworks/Metadata.framework/Versions/A/Metadata
0x00007fff44a15000 	/System/Library/Frameworks/CoreServices.framework/Versions/A/Frameworks/OSServices.framework/Versions/A/OSServices
0x00007fff44a60000 	/System/Library/Frameworks/CoreServices.framework/Versions/A/Frameworks/SearchKit.framework/Versions/A/SearchKit
0x00007fff4441c000 	/System/Library/Frameworks/CoreServices.framework/Versions/A/Frameworks/AE.framework/Versions/A/AE
0x00007fff447c3000 	/System/Library/Frameworks/CoreServices.framework/Versions/A/Frameworks/LaunchServices.framework/Versions/A/LaunchServices
0x00007fff44771000 	/System/Library/Frameworks/CoreServices.framework/Versions/A/Frameworks/DictionaryServices.framework/Versions/A/DictionaryServices
0x00007fff44ac8000 	/System/Library/Frameworks/CoreServices.framework/Versions/A/Frameworks/SharedFileList.framework/Versions/A/SharedFileList
0x00007fff48e06000 	/System/Library/Frameworks/NetFS.framework/Versions/A/NetFS
0x00007fff6242d000 	/System/Library/PrivateFrameworks/NetAuth.framework/Versions/A/NetAuth
0x00007fff6bc65000 	/System/Library/PrivateFrameworks/login.framework/Versions/A/Frameworks/loginsupport.framework/Versions/A/loginsupport
0x00007fff69d88000 	/System/Library/PrivateFrameworks/TCC.framework/Versions/A/TCC
0x00007fff573fe000 	/System/Library/PrivateFrameworks/CoreNLP.framework/Versions/A/CoreNLP
0x00007fff61ec7000 	/System/Library/PrivateFrameworks/MetadataUtilities.framework/Versions/A/MetadataUtilities
0x00007fff6d679000 	/usr/lib/libmecabra.dylib
0x00007fff41678000 	/System/Library/Frameworks/ApplicationServices.framework/Versions/A/Frameworks/ATS.framework/Versions/A/ATS
0x00007fff419c7000 	/System/Library/Frameworks/ApplicationServices.framework/Versions/A/Frameworks/ColorSyncLegacy.framework/Versions/A/ColorSyncLegacy
0x00007fff41a66000 	/System/Library/Frameworks/ApplicationServices.framework/Versions/A/Frameworks/HIServices.framework/Versions/A/HIServices
0x00007fff41ab9000 	/System/Library/Frameworks/ApplicationServices.framework/Versions/A/Frameworks/LangAnalysis.framework/Versions/A/LangAnalysis
0x00007fff41ac9000 	/System/Library/Frameworks/ApplicationServices.framework/Versions/A/Frameworks/PrintCore.framework/Versions/A/PrintCore
0x00007fff41b13000 	/System/Library/Frameworks/ApplicationServices.framework/Versions/A/Frameworks/QD.framework/Versions/A/QD
0x00007fff41b4d000 	/System/Library/Frameworks/ApplicationServices.framework/Versions/A/Frameworks/SpeechSynthesis.framework/Versions/A/SpeechSynthesis
0x00007fff6c6fb000 	/usr/lib/libcompression.dylib
0x00007fff430e2000 	/System/Library/Frameworks/CoreDisplay.framework/Versions/A/CoreDisplay
0x00007fff4800e000 	/System/Library/Frameworks/MetalPerformanceShaders.framework/Versions/A/MetalPerformanceShaders
0x00007fff3f654000 	/System/Library/Frameworks/Accelerate.framework/Versions/A/Frameworks/vImage.framework/Versions/A/vImage
0x00007fff406ce000 	/System/Library/Frameworks/Accelerate.framework/Versions/A/Frameworks/vecLib.framework/Versions/A/vecLib
0x00007fff4061a000 	/System/Library/Frameworks/Accelerate.framework/Versions/A/Frameworks/vecLib.framework/Versions/A/libvMisc.dylib
0x00007fff40432000 	/System/Library/Frameworks/Accelerate.framework/Versions/A/Frameworks/vecLib.framework/Versions/A/libvDSP.dylib
0x00007fff3fcee000 	/System/Library/Frameworks/Accelerate.framework/Versions/A/Frameworks/vecLib.framework/Versions/A/libBLAS.dylib
0x00007fff3ffdb000 	/System/Library/Frameworks/Accelerate.framework/Versions/A/Frameworks/vecLib.framework/Versions/A/libLAPACK.dylib
0x00007fff40385000 	/System/Library/Frameworks/Accelerate.framework/Versions/A/Frameworks/vecLib.framework/Versions/A/libLinearAlgebra.dylib
0x00007fff4041e000 	/System/Library/Frameworks/Accelerate.framework/Versions/A/Frameworks/vecLib.framework/Versions/A/libSparseBLAS.dylib
0x00007fff4039b000 	/System/Library/Frameworks/Accelerate.framework/Versions/A/Frameworks/vecLib.framework/Versions/A/libQuadrature.dylib
0x00007fff3ff68000 	/System/Library/Frameworks/Accelerate.framework/Versions/A/Frameworks/vecLib.framework/Versions/A/libBNNS.dylib
0x00007fff403a1000 	/System/Library/Frameworks/Accelerate.framework/Versions/A/Frameworks/vecLib.framework/Versions/A/libSparse.dylib
0x00007fff5e739000 	/System/Library/PrivateFrameworks/GPUWrangler.framework/Versions/A/GPUWrangler
0x00007fff609fd000 	/System/Library/PrivateFrameworks/IOAccelerator.framework/Versions/A/IOAccelerator
0x00007fff60a08000 	/System/Library/PrivateFrameworks/IOPresentment.framework/Versions/A/IOPresentment
0x00007fff581cf000 	/System/Library/PrivateFrameworks/DSExternalDisplay.framework/Versions/A/DSExternalDisplay
0x00007fff4c282000 	/System/Library/Frameworks/OpenGL.framework/Versions/A/Libraries/libCoreFSCache.dylib
0x00007fff47e02000 	/System/Library/Frameworks/MetalPerformanceShaders.framework/Frameworks/MPSCore.framework/Versions/A/MPSCore
0x00007fff47e22000 	/System/Library/Frameworks/MetalPerformanceShaders.framework/Frameworks/MPSImage.framework/Versions/A/MPSImage
0x00007fff47ec7000 	/System/Library/Frameworks/MetalPerformanceShaders.framework/Frameworks/MPSNeuralNetwork.framework/Versions/A/MPSNeuralNetwork
0x00007fff47e9f000 	/System/Library/Frameworks/MetalPerformanceShaders.framework/Frameworks/MPSMatrix.framework/Versions/A/MPSMatrix
0x00007fff47ff3000 	/System/Library/Frameworks/MetalPerformanceShaders.framework/Frameworks/MPSRayIntersector.framework/Versions/A/MPSRayIntersector
0x00007fff61ef0000 	/System/Library/PrivateFrameworks/MetalTools.framework/Versions/A/MetalTools
0x00007fff52d44000 	/System/Library/PrivateFrameworks/AggregateDictionary.framework/Versions/A/AggregateDictionary
0x00007fff6c2dd000 	/usr/lib/libMobileGestalt.dylib
0x00007fff44f57000 	/System/Library/Frameworks/CoreVideo.framework/Versions/A/CoreVideo
0x00007fff5f543000 	/System/Library/PrivateFrameworks/GraphVisualizer.framework/Versions/A/GraphVisualizer
0x00007fff593c9000 	/System/Library/PrivateFrameworks/FaceCore.framework/Versions/A/FaceCore
0x00007fff4b8b0000 	/System/Library/Frameworks/OpenCL.framework/Versions/A/OpenCL
0x00007fff6c035000 	/usr/lib/libFosl_dynamic.dylib
0x00007fff62c98000 	/System/Library/PrivateFrameworks/OTSVG.framework/Versions/A/OTSVG
0x00007fff4177c000 	/System/Library/Frameworks/ApplicationServices.framework/Versions/A/Frameworks/ATS.framework/Versions/A/Resources/libFontParser.dylib
0x00007fff41894000 	/System/Library/Frameworks/ApplicationServices.framework/Versions/A/Frameworks/ATS.framework/Versions/A/Resources/libFontRegistry.dylib
0x00007fff45e55000 	/System/Library/Frameworks/ImageIO.framework/Versions/A/Resources/libJPEG.dylib
0x00007fff46167000 	/System/Library/Frameworks/ImageIO.framework/Versions/A/Resources/libTIFF.dylib
0x00007fff4613d000 	/System/Library/Frameworks/ImageIO.framework/Versions/A/Resources/libPng.dylib
0x00007fff45d73000 	/System/Library/Frameworks/ImageIO.framework/Versions/A/Resources/libGIF.dylib
0x00007fff45d78000 	/System/Library/Frameworks/ImageIO.framework/Versions/A/Resources/libJP2.dylib
0x00007fff46164000 	/System/Library/Frameworks/ImageIO.framework/Versions/A/Resources/libRadiance.dylib
0x00007fff53798000 	/System/Library/PrivateFrameworks/AppleJPEG.framework/Versions/A/AppleJPEG
0x00007fff4c28d000 	/System/Library/Frameworks/OpenGL.framework/Versions/A/Libraries/libGFXShared.dylib
0x00007fff4c450000 	/System/Library/Frameworks/OpenGL.framework/Versions/A/Libraries/libGLU.dylib
0x00007fff4c296000 	/System/Library/Frameworks/OpenGL.framework/Versions/A/Libraries/libGL.dylib
0x00007fff4c2a2000 	/System/Library/Frameworks/OpenGL.framework/Versions/A/Libraries/libGLImage.dylib
0x00007fff4c27f000 	/System/Library/Frameworks/OpenGL.framework/Versions/A/Libraries/libCVMSPluginSupport.dylib
0x00007fff4c288000 	/System/Library/Frameworks/OpenGL.framework/Versions/A/Libraries/libCoreVMClient.dylib
0x00007fff6d012000 	/usr/lib/libcups.2.dylib
0x00007fff4732a000 	/System/Library/Frameworks/Kerberos.framework/Versions/A/Kerberos
0x00007fff4585a000 	/System/Library/Frameworks/GSS.framework/Versions/A/GSS
0x00007fff6e722000 	/usr/lib/libresolv.9.dylib
0x00007fff6d204000 	/usr/lib/libiconv.2.dylib
0x00007fff5f69f000 	/System/Library/PrivateFrameworks/Heimdal.framework/Versions/A/Heimdal
0x00007fff6d1d4000 	/usr/lib/libheimdal-asn1.dylib
0x00007fff4b924000 	/System/Library/Frameworks/OpenDirectory.framework/Versions/A/OpenDirectory
0x00007fff56165000 	/System/Library/PrivateFrameworks/CommonAuth.framework/Versions/A/CommonAuth
0x00007fff4b908000 	/System/Library/Frameworks/OpenDirectory.framework/Versions/A/Frameworks/CFOpenDirectory.framework/Versions/A/CFOpenDirectory
0x00007fff4e9c3000 	/System/Library/Frameworks/SecurityFoundation.framework/Versions/A/SecurityFoundation
0x00007fff5229f000 	/System/Library/PrivateFrameworks/APFS.framework/Versions/A/APFS
0x00007fff6ebea000 	/usr/lib/libutil.dylib
0x00007fff6c6e9000 	/usr/lib/libcharset.1.dylib
0x00007fff53a35000 	/System/Library/PrivateFrameworks/AppleSauce.framework/Versions/A/AppleSauce
0x00007fff53bb6000 	/System/Library/PrivateFrameworks/AssertionServices.framework/Versions/A/AssertionServices
0x00007fff54493000 	/System/Library/PrivateFrameworks/BaseBoard.framework/Versions/A/BaseBoard
0x00007fff6d5d4000 	/usr/lib/libmecab.1.0.0.dylib
0x00007fff6d1ce000 	/usr/lib/libgermantok.dylib
0x00007fff6c4b9000 	/usr/lib/libThaiTokenizer.dylib
0x00007fff6bf65000 	/usr/lib/libChineseTokenizer.dylib
0x00007fff610b4000 	/System/Library/PrivateFrameworks/LanguageModeling.framework/Versions/A/LanguageModeling
0x00007fff56e44000 	/System/Library/PrivateFrameworks/CoreEmoji.framework/Versions/A/CoreEmoji
0x00007fff61190000 	/System/Library/PrivateFrameworks/Lexicon.framework/Versions/A/Lexicon
0x00007fff611d3000 	/System/Library/PrivateFrameworks/LinguisticData.framework/Versions/A/LinguisticData
0x00007fff6c6ea000 	/usr/lib/libcmph.dylib
0x00007fff4ea81000 	/System/Library/Frameworks/ServiceManagement.framework/Versions/A/ServiceManagement
0x00007fff543f4000 	/System/Library/PrivateFrameworks/BackgroundTaskManagement.framework/Versions/A/BackgroundTaskManagement
0x00007fff6ece3000 	/usr/lib/libxslt.1.dylib
0x00007fff427e7000 	/System/Library/Frameworks/Carbon.framework/Versions/A/Frameworks/Ink.framework/Versions/A/Ink
0x00007fff69ffa000 	/System/Library/PrivateFrameworks/TextureIO.framework/Versions/A/TextureIO
0x00007fff6c50d000 	/usr/lib/libate.dylib
0x00007fff5811f000 	/System/Library/PrivateFrameworks/CrashReporterSupport.framework/Versions/A/CrashReporterSupport
0x00007fff677ac000 	/System/Library/PrivateFrameworks/Sharing.framework/Versions/A/Sharing
0x00007fff53f95000 	/System/Library/PrivateFrameworks/AuthKit.framework/Versions/A/AuthKit
0x00007fff5333f000 	/System/Library/PrivateFrameworks/Apple80211.framework/Versions/A/Apple80211
0x00007fff57ecb000 	/System/Library/PrivateFrameworks/CoreUtils.framework/Versions/A/CoreUtils
0x00007fff44f95000 	/System/Library/Frameworks/CoreWLAN.framework/Versions/A/CoreWLAN
0x00007fff45989000 	/System/Library/Frameworks/IOBluetooth.framework/Versions/A/IOBluetooth
0x00007fff65c3c000 	/System/Library/PrivateFrameworks/ProtocolBuffer.framework/Versions/A/ProtocolBuffer
0x00007fff62125000 	/System/Library/PrivateFrameworks/MobileKeyBag.framework/Versions/A/MobileKeyBag
0x00007fff57711000 	/System/Library/PrivateFrameworks/CorePhoneNumbers.framework/Versions/A/CorePhoneNumbers
0x00007fff5374c000 	/System/Library/PrivateFrameworks/AppleIDAuthSupport.framework/Versions/A/AppleIDAuthSupport
0x00007fff61087000 	/System/Library/PrivateFrameworks/KeychainCircle.framework/Versions/A/KeychainCircle
0x00007fff65df2000 	/System/Library/PrivateFrameworks/ROCKit.framework/Versions/A/ROCKit
0x00007fff580bb000 	/System/Library/PrivateFrameworks/CoreWiFi.framework/Versions/A/CoreWiFi
0x00007fff42d32000 	/System/Library/Frameworks/CoreBluetooth.framework/Versions/A/CoreBluetooth
0x00007fff58315000 	/System/Library/PrivateFrameworks/DebugSymbols.framework/Versions/A/DebugSymbols
0x00007fff57c8c000 	/System/Library/PrivateFrameworks/CoreSymbolication.framework/Versions/A/CoreSymbolication
0x00007fff69816000 	/System/Library/PrivateFrameworks/Symbolication.framework/Versions/A/Symbolication
0x00007fff690b9000 	/System/Library/PrivateFrameworks/SpeechRecognitionCore.framework/Versions/A/SpeechRecognitionCore
0x000000010809f000 	/Library/Java/JavaVirtualMachines/jdk-10.0.1.jdk/Contents/Home/lib/server/libjvm.dylib
0x00007fff6eabb000 	/usr/lib/libstdc++.6.dylib
0x0000000108e3f000 	/Library/Java/JavaVirtualMachines/jdk-10.0.1.jdk/Contents/Home/lib/libverify.dylib
0x0000000108e4c000 	/Library/Java/JavaVirtualMachines/jdk-10.0.1.jdk/Contents/Home/lib/libjava.dylib
0x0000000108ee1000 	/Library/Java/JavaVirtualMachines/jdk-10.0.1.jdk/Contents/Home/lib/libzip.dylib
0x0000000108ee9000 	/Library/Java/JavaVirtualMachines/jdk-10.0.1.jdk/Contents/Home/lib/libjimage.dylib
0x00000001161f4000 	/Library/Java/JavaVirtualMachines/jdk-10.0.1.jdk/Contents/Home/lib/libnio.dylib
0x0000000116204000 	/Library/Java/JavaVirtualMachines/jdk-10.0.1.jdk/Contents/Home/lib/./libnet.dylib
0x000000012bbce000 	/Library/Java/JavaVirtualMachines/jdk-10.0.1.jdk/Contents/Home/lib/libawt.dylib
0x000000012bc73000 	/Library/Java/JavaVirtualMachines/jdk-10.0.1.jdk/Contents/Home/lib/./libmlib_image.dylib
0x00007fff47313000 	/System/Library/Frameworks/JavaVM.framework/Versions/A/Frameworks/JavaNativeFoundation.framework/Versions/A/JavaNativeFoundation
0x00007fff4731c000 	/System/Library/Frameworks/JavaVM.framework/Versions/A/Frameworks/JavaRuntimeSupport.framework/Versions/A/JavaRuntimeSupport
0x00007fff47325000 	/System/Library/Frameworks/JavaVM.framework/Versions/A/JavaVM
0x00007fff60fa6000 	/System/Library/PrivateFrameworks/JavaLaunching.framework/Versions/A/JavaLaunching
0x00007fff424e1000 	/System/Library/Frameworks/Carbon.framework/Versions/A/Carbon
0x00007fff424e2000 	/System/Library/Frameworks/Carbon.framework/Versions/A/Frameworks/CommonPanels.framework/Versions/A/CommonPanels
0x00007fff427dd000 	/System/Library/Frameworks/Carbon.framework/Versions/A/Frameworks/Help.framework/Versions/A/Help
0x00007fff427e1000 	/System/Library/Frameworks/Carbon.framework/Versions/A/Frameworks/ImageCapture.framework/Versions/A/ImageCapture
0x00007fff4287d000 	/System/Library/Frameworks/Carbon.framework/Versions/A/Frameworks/OpenScripting.framework/Versions/A/OpenScripting
0x00007fff428b5000 	/System/Library/Frameworks/Carbon.framework/Versions/A/Frameworks/Print.framework/Versions/A/Print
0x00007fff428b7000 	/System/Library/Frameworks/Carbon.framework/Versions/A/Frameworks/SecurityHI.framework/Versions/A/SecurityHI
0x000000012bce1000 	/Library/Java/JavaVirtualMachines/jdk-10.0.1.jdk/Contents/Home/lib/libawt_lwawt.dylib
0x00000001162a3000 	/Library/Java/JavaVirtualMachines/jdk-10.0.1.jdk/Contents/Home/lib/./libosxapp.dylib
0x00007fff45417000 	/System/Library/Frameworks/ExceptionHandling.framework/Versions/A/ExceptionHandling
0x000000012c031000 	/Library/Java/JavaVirtualMachines/jdk-10.0.1.jdk/Contents/Home/lib/libfontmanager.dylib
0x00007fff57895000 	/System/Library/PrivateFrameworks/CoreServicesInternal.framework/Versions/A/CoreServicesInternal
0x00007fff37cb4000 	/System/Library/CoreServices/RawCamera.bundle/Contents/MacOS/RawCamera
0x00007fff61f8f000 	/System/Library/PrivateFrameworks/MobileAsset.framework/Versions/A/MobileAsset
0x00007fff69764000 	/System/Library/PrivateFrameworks/StreamingZip.framework/Versions/A/StreamingZip
0x00007fff476b5000 	/System/Library/Frameworks/MediaToolbox.framework/Versions/A/MediaToolbox
0x00007fff569eb000 	/System/Library/PrivateFrameworks/CoreAVCHD.framework/Versions/A/CoreAVCHD
0x00007fff475fc000 	/System/Library/Frameworks/MediaAccessibility.framework/Versions/A/MediaAccessibility
0x00007fff619f5000 	/System/Library/PrivateFrameworks/Mangrove.framework/Versions/A/Mangrove
0x00007fff442bd000 	/System/Library/Frameworks/CoreMedia.framework/Versions/A/CoreMedia
0x00007fff4f0e0000 	/System/Library/Frameworks/VideoToolbox.framework/Versions/A/VideoToolbox
0x00007fff56607000 	/System/Library/PrivateFrameworks/CoreAUC.framework/Versions/A/CoreAUC
0x00007fff6e78b000 	/usr/lib/libspindump.dylib
0x00007fff53b1b000 	/System/Library/PrivateFrameworks/AppleVA.framework/Versions/A/AppleVA
0x00007fff3f63d000 	/System/Library/Frameworks/Accelerate.framework/Versions/A/Frameworks/vImage.framework/Versions/A/Libraries/libCGInterfaces.dylib
0x00007fff41930000 	/System/Library/Frameworks/ApplicationServices.framework/Versions/A/Frameworks/ATS.framework/Versions/A/Resources/libTrueTypeScaler.dylib
0x00007fff3acf3000 	/System/Library/Extensions/AppleIntelBDWGraphicsMTLDriver.bundle/Contents/MacOS/AppleIntelBDWGraphicsMTLDriver
0x00007fff5d098000 	/System/Library/PrivateFrameworks/GPUCompiler.framework/Versions/3902/Libraries/libmetal_timestamp.dylib
0x00007fff6afb1000 	/System/Library/PrivateFrameworks/ViewBridge.framework/Versions/A/ViewBridge
0x00007fff4ce3b000 	/System/Library/Frameworks/OpenGL.framework/Versions/A/Resources/GLEngine.bundle/GLEngine
0x00007fff4c2dd000 	/System/Library/Frameworks/OpenGL.framework/Versions/A/Libraries/libGLProgrammability.dylib
0x00007fff3a7ee000 	/System/Library/Extensions/AppleIntelBDWGraphicsGLDriver.bundle/Contents/MacOS/AppleIntelBDWGraphicsGLDriver
0x00007fff5e72d000 	/System/Library/PrivateFrameworks/GPUSupport.framework/Versions/A/Libraries/libGPUSupportMercury.dylib
0x00007fff4cfd1000 	/System/Library/Frameworks/OpenGL.framework/Versions/A/Resources/GLRendererFloat.bundle/GLRendererFloat
0x00007fff4b8a7000 	/System/Library/Frameworks/OpenCL.framework/Versions/A/Libraries/libcldcpuengine.dylib
0x00007fff6cb3e000 	/usr/lib/libcrypto.35.dylib
0x00007fff6a178000 	/System/Library/PrivateFrameworks/TrustEvaluationAgent.framework/Versions/A/TrustEvaluationAgent
0x00000001314ec000 	/Library/Java/JavaVirtualMachines/jdk-10.0.1.jdk/Contents/Home/lib/libosxui.dylib
0x000000012be96000 	/usr/lib/libobjc-trampolines.dylib


VM Arguments:
jvm_args: -Dfile.encoding=UTF-8 
java_command: thing_explainer_writer.Thing_Explainer
java_class_path (initial): /Users/pmiskew/Desktop/DPCS - Java/IB-CS-Examples-Solutions/Simple_IA_Example_Code/bin
Launcher Type: SUN_STANDARD

Logging:
Log output configuration:
#0: stdout all=warning uptime,level,tags
#1: stderr all=off uptime,level,tags

Environment Variables:
PATH=/usr/bin:/bin:/usr/sbin:/sbin
SHELL=/bin/bash

Signal Handlers:
SIGSEGV: [libjvm.dylib+0x79ac14], sa_mask[0]=11111111011111110111111111111111, sa_flags=SA_ONSTACK|SA_RESTART|SA_SIGINFO
SIGBUS: [libjvm.dylib+0x79ac14], sa_mask[0]=11111111011111110111111111111111, sa_flags=SA_RESTART|SA_SIGINFO
SIGFPE: [libjvm.dylib+0x79ac14], sa_mask[0]=11111111011111110111111111111111, sa_flags=SA_RESTART|SA_SIGINFO
SIGPIPE: [libjvm.dylib+0x635960], sa_mask[0]=11111111011111110111111111111111, sa_flags=SA_RESTART|SA_SIGINFO
SIGXFSZ: [libjvm.dylib+0x635960], sa_mask[0]=11111111011111110111111111111111, sa_flags=SA_RESTART|SA_SIGINFO
SIGILL: [libjvm.dylib+0x79ac14], sa_mask[0]=11111111011111110111111111111111, sa_flags=SA_RESTART|SA_SIGINFO
SIGUSR2: [libjvm.dylib+0x6361f0], sa_mask[0]=00100000000000000000000000000000, sa_flags=SA_RESTART|SA_SIGINFO
SIGHUP: [libjvm.dylib+0x6349db], sa_mask[0]=11111111011111110111111111111111, sa_flags=SA_RESTART|SA_SIGINFO
SIGINT: [libjvm.dylib+0x6349db], sa_mask[0]=11111111011111110111111111111111, sa_flags=SA_RESTART|SA_SIGINFO
SIGTERM: [libjvm.dylib+0x6349db], sa_mask[0]=11111111011111110111111111111111, sa_flags=SA_RESTART|SA_SIGINFO
SIGQUIT: [libjvm.dylib+0x6349db], sa_mask[0]=11111111011111110111111111111111, sa_flags=SA_RESTART|SA_SIGINFO


---------------  S Y S T E M  ---------------

OS:uname:Darwin 18.5.0 Darwin Kernel Version 18.5.0: Mon Mar 11 20:40:32 PDT 2019; root:xnu-4903.251.3~3/RELEASE_X86_64 x86_64
rlimit: STACK 8192k, CORE 0k, NPROC 709, NOFILE 10240, AS infinity, DATA infinity, FSIZE infinity
load average:5.74 4.79 4.87

CPU:total 4 (initial active 4) (2 cores per cpu, 2 threads per core) family 6 model 61 stepping 4, cmov, cx8, fxsr, mmx, sse, sse2, sse3, ssse3, sse4.1, sse4.2, popcnt, avx, avx2, aes, clmul, erms, rtm, 3dnowpref, lzcnt, ht, tsc, tscinvbit, bmi1, bmi2, adx, fma

Memory: 4k page, physical 8388608k(41908k free)

vm_info: Java HotSpot(TM) 64-Bit Server VM (10.0.1+10) for bsd-amd64 JRE (10.0.1+10), built on Mar 27 2018 01:13:17 by "mach5one" with gcc 4.2.1 Compatible Apple LLVM 6.1.0 (clang-602.0.49)

END.
